
**** Build of configuration Debug for project hw1_1 ****

"D:\\some_useful_program\\ccs\\ccsv5\\utils\\bin\\gmake" -k all 
'Building file: ../main.c'
'Invoking: MSP430 Compiler'
"D:/some_useful_program/ccs/ccsv5/tools/compiler/msp430_4.1.2/bin/cl430" -vmsp --abi=eabi -g --include_path="D:/some_useful_program/ccs/ccsv5/ccs_base/msp430/include" --include_path="D:/some_useful_program/ccs/ccsv5/tools/compiler/msp430_4.1.2/include" --advice:power=all --define=__MSP430G2553__ --diag_warning=225 --display_error_number --diag_wrap=off --printf_support=minimal --preproc_with_compile --preproc_dependency="main.pp"  "../main.c"
"../main.c", line 55: warning #112-D: statement is unreachable
"../main.c", line 32: remark #1544-D: (ULP 13.1) Detected loop counting up. Recommend loops count down as detecting zeros is easier
"../main.c", line 44: remark #1544-D: (ULP 13.1) Detected loop counting up. Recommend loops count down as detecting zeros is easier
"../main.c", line 32: remark #1544-D: (ULP 13.1) Detected loop counting up. Recommend loops count down as detecting zeros is easier
"../main.c", line 44: remark #1544-D: (ULP 13.1) Detected loop counting up. Recommend loops count down as detecting zeros is easier
"../main.c", line 32: remark #1544-D: (ULP 13.1) Detected loop counting up. Recommend loops count down as detecting zeros is easier
"../main.c", line 44: remark #1544-D: (ULP 13.1) Detected loop counting up. Recommend loops count down as detecting zeros is easier
'Finished building: ../main.c'
' '
'Building target: hw1_1.out'
'Invoking: MSP430 Linker'
"D:/some_useful_program/ccs/ccsv5/tools/compiler/msp430_4.1.2/bin/cl430" -vmsp --abi=eabi -g --advice:power=all --define=__MSP430G2553__ --diag_warning=225 --display_error_number --diag_wrap=off --printf_support=minimal -z --stack_size=80 -m"hw1_1.map" --heap_size=80 -i"D:/some_useful_program/ccs/ccsv5/ccs_base/msp430/include" -i"D:/some_useful_program/ccs/ccsv5/tools/compiler/msp430_4.1.2/lib" -i"D:/some_useful_program/ccs/ccsv5/tools/compiler/msp430_4.1.2/include" --reread_libs --warn_sections --display_error_number --diag_wrap=off --rom_model -o "hw1_1.out"  "./main.obj" -l"libc.a" "../lnk_msp430g2553.cmd" 
<Linking>
remark #10371-D: (ULP 1.1) Detected no uses of low power mode state changes using LPMx or _bis_SR_register() or __low_power_mode_x() in this project.
"../lnk_msp430g2553.cmd", line 79: warning #10374-D: Interrupt vector "PORT1" does not have an interrupt handler routine.
remark #10372-D: (ULP 4.1) Detected uninitialized Port 2 in this project. Recommend initializing all unused ports to eliminate wasted current consumption on unused pins.
"../lnk_msp430g2553.cmd", line 80: warning #10374-D: Interrupt vector "PORT2" does not have an interrupt handler routine.
remark #10372-D: (ULP 4.1) Detected uninitialized Port 3 in this project. Recommend initializing all unused ports to eliminate wasted current consumption on unused pins.
"../lnk_msp430g2553.cmd", line 82: warning #10374-D: Interrupt vector "ADC10" does not have an interrupt handler routine.
"../lnk_msp430g2553.cmd", line 83: warning #10374-D: Interrupt vector "USCIAB0TX" does not have an interrupt handler routine.
"../lnk_msp430g2553.cmd", line 84: warning #10374-D: Interrupt vector "USCIAB0RX" does not have an interrupt handler routine.
"../lnk_msp430g2553.cmd", line 85: warning #10374-D: Interrupt vector "TIMER0_A1" does not have an interrupt handler routine.
"../lnk_msp430g2553.cmd", line 86: warning #10374-D: Interrupt vector "TIMER0_A0" does not have an interrupt handler routine.
"../lnk_msp430g2553.cmd", line 87: warning #10374-D: Interrupt vector "WDT" does not have an interrupt handler routine.
"../lnk_msp430g2553.cmd", line 88: warning #10374-D: Interrupt vector "COMPARATORA" does not have an interrupt handler routine.
"../lnk_msp430g2553.cmd", line 89: warning #10374-D: Interrupt vector "TIMER1_A1" does not have an interrupt handler routine.
"../lnk_msp430g2553.cmd", line 90: warning #10374-D: Interrupt vector "TIMER1_A0" does not have an interrupt handler routine.
"../lnk_msp430g2553.cmd", line 91: warning #10374-D: Interrupt vector "NMI" does not have an interrupt handler routine.
'Finished building target: hw1_1.out'
' '

**** Build Finished ****
