
**** Build of configuration Debug for project Lab02-1_LCD ****

"D:\\some_useful_program\\ccs\\ccsv5\\utils\\bin\\gmake" -k all 
'Building file: ../dr_lcdseg.c'
'Invoking: MSP430 Compiler'
"D:/some_useful_program/ccs/ccsv5/tools/compiler/msp430_4.1.2/bin/cl430" -vmspx --abi=coffabi -g --include_path="D:/some_useful_program/ccs/ccsv5/ccs_base/msp430/include" --include_path="D:/some_useful_program/ccs/ccsv5/tools/compiler/msp430_4.1.2/include" --define=__MSP430F6638__ --diag_warning=225 --display_error_number --silicon_errata=CPU21 --silicon_errata=CPU22 --silicon_errata=CPU40 --printf_support=minimal --preproc_with_compile --preproc_dependency="dr_lcdseg.pp"  "../dr_lcdseg.c"
"../dr_lcdseg.c", line 56: warning #83-D: storage class is not first
'Finished building: ../dr_lcdseg.c'
' '
'Building file: ../main.c'
'Invoking: MSP430 Compiler'
"D:/some_useful_program/ccs/ccsv5/tools/compiler/msp430_4.1.2/bin/cl430" -vmspx --abi=coffabi -g --include_path="D:/some_useful_program/ccs/ccsv5/ccs_base/msp430/include" --include_path="D:/some_useful_program/ccs/ccsv5/tools/compiler/msp430_4.1.2/include" --define=__MSP430F6638__ --diag_warning=225 --display_error_number --silicon_errata=CPU21 --silicon_errata=CPU22 --silicon_errata=CPU40 --printf_support=minimal --preproc_with_compile --preproc_dependency="main.pp"  "../main.c"
'Finished building: ../main.c'
' '
'Building target: Lab02-1_LCD.out'
'Invoking: MSP430 Linker'
"D:/some_useful_program/ccs/ccsv5/tools/compiler/msp430_4.1.2/bin/cl430" -vmspx --abi=coffabi -g --define=__MSP430F6638__ --diag_warning=225 --display_error_number --silicon_errata=CPU21 --silicon_errata=CPU22 --silicon_errata=CPU40 --printf_support=minimal -z -m"Lab02-1_LCD.map" --stack_size=160 --heap_size=160 --use_hw_mpy=F5 -i"D:/some_useful_program/ccs/ccsv5/ccs_base/msp430/include" -i"D:/some_useful_program/ccs/ccsv5/tools/compiler/msp430_4.1.2/lib" -i"D:/some_useful_program/ccs/ccsv5/tools/compiler/msp430_4.1.2/include" --reread_libs --warn_sections --xml_link_info="Lab02-1_LCD_linkInfo.xml" --rom_model -o "Lab02-1_LCD.out"  "./main.obj" "./dr_lcdseg.obj" -l"libc.a" "../lnk_msp430f6638.cmd" 
<Linking>
'Finished building target: Lab02-1_LCD.out'
' '

**** Build Finished ****
