
**** Build of configuration Debug for project LCD ****

"D:\\some_useful_program\\ccs\\ccsv5\\utils\\bin\\gmake" -k all 
'Building file: ../main.c'
'Invoking: MSP430 Compiler'
"D:/some_useful_program/ccs/ccsv5/tools/compiler/msp430_4.1.2/bin/cl430" -vmspx --abi=eabi -g --include_path="D:/some_useful_program/ccs/ccsv5/ccs_base/msp430/include" --include_path="D:/some_useful_program/ccs/ccsv5/tools/compiler/msp430_4.1.2/include" --advice:power=all --define=__MSP430F6638__ --diag_warning=225 --display_error_number --diag_wrap=off --silicon_errata=CPU21 --silicon_errata=CPU22 --silicon_errata=CPU40 --printf_support=minimal --preproc_with_compile --preproc_dependency="main.pp"  "../main.c"
"../main.c", line 18: remark #1528-D: (ULP 3.1) Detected flag polling using SFRIFG1. Recommend using an interrupt combined with enter LPMx and ISR
"../main.c", line 27: remark #1528-D: (ULP 3.1) Detected flag polling using SFRIFG1. Recommend using an interrupt combined with enter LPMx and ISR
"../main.c", line 38: remark #1544-D: (ULP 13.1) Detected loop counting up. Recommend loops count down as detecting zeros is easier
"../main.c", line 39: remark #1545-D: (ULP 14.1) Array index using signed "int". Recommend using unsigned "unsigned int"
"../main.c", line 45: remark #1544-D: (ULP 13.1) Detected loop counting up. Recommend loops count down as detecting zeros is easier
"../main.c", line 50: warning #179-D: variable "i" was declared but never referenced
"../main.c", line 50: warning #179-D: variable "num1" was declared but never referenced
"../main.c", line 51: warning #179-D: variable "num2" was declared but never referenced
"../main.c", line 61: remark #1527-D: (ULP 2.1) Detected SW delay loop using __delay_cycles. Recommend using a timer module instead
"../main.c", line 64: remark #1527-D: (ULP 2.1) Detected SW delay loop using __delay_cycles. Recommend using a timer module instead
'Finished building: ../main.c'
' '
'Building target: LCD.out'
'Invoking: MSP430 Linker'
"D:/some_useful_program/ccs/ccsv5/tools/compiler/msp430_4.1.2/bin/cl430" -vmspx --abi=eabi -g --advice:power=all --define=__MSP430F6638__ --diag_warning=225 --display_error_number --diag_wrap=off --silicon_errata=CPU21 --silicon_errata=CPU22 --silicon_errata=CPU40 --printf_support=minimal -z --stack_size=160 -m"LCD.map" --heap_size=160 --use_hw_mpy=F5 -i"D:/some_useful_program/ccs/ccsv5/ccs_base/msp430/include" -i"D:/some_useful_program/ccs/ccsv5/tools/compiler/msp430_4.1.2/lib" -i"D:/some_useful_program/ccs/ccsv5/tools/compiler/msp430_4.1.2/include" --reread_libs --warn_sections --display_error_number --diag_wrap=off --rom_model -o "LCD.out"  "./main.obj" "./dr_lcdseg.obj" -l"libc.a" "../lnk_msp430f6638.cmd" 
<Linking>
remark #10371-D: (ULP 1.1) Detected no uses of low power mode state changes using LPMx or _bis_SR_register() or __low_power_mode_x() in this project.
"../lnk_msp430f6638.cmd", line 169: warning #10374-D: Interrupt vector "PORT4" does not have an interrupt handler routine.
remark #10372-D: (ULP 4.1) Detected uninitialized Port A in this project. Recommend initializing all unused ports to eliminate wasted current consumption on unused pins.
"../lnk_msp430f6638.cmd", line 170: warning #10374-D: Interrupt vector "PORT3" does not have an interrupt handler routine.
remark #10372-D: (ULP 4.1) Detected uninitialized Port B in this project. Recommend initializing all unused ports to eliminate wasted current consumption on unused pins.
"../lnk_msp430f6638.cmd", line 171: warning #10374-D: Interrupt vector "TIMER2_A1" does not have an interrupt handler routine.
remark #10372-D: (ULP 4.1) Detected uninitialized Port C in this project. Recommend initializing all unused ports to eliminate wasted current consumption on unused pins.
"../lnk_msp430f6638.cmd", line 172: warning #10374-D: Interrupt vector "TIMER2_A0" does not have an interrupt handler routine.
remark #10372-D: (ULP 4.1) Detected uninitialized Port D in this project. Recommend initializing all unused ports to eliminate wasted current consumption on unused pins.
"../lnk_msp430f6638.cmd", line 173: warning #10374-D: Interrupt vector "DAC12" does not have an interrupt handler routine.
remark #10372-D: (ULP 4.1) Detected uninitialized Port E in this project. Recommend initializing all unused ports to eliminate wasted current consumption on unused pins.
"../lnk_msp430f6638.cmd", line 174: warning #10374-D: Interrupt vector "RTC" does not have an interrupt handler routine.
"../lnk_msp430f6638.cmd", line 175: warning #10374-D: Interrupt vector "LCD_B" does not have an interrupt handler routine.
"../lnk_msp430f6638.cmd", line 176: warning #10374-D: Interrupt vector "PORT2" does not have an interrupt handler routine.
"../lnk_msp430f6638.cmd", line 177: warning #10374-D: Interrupt vector "USCI_B1" does not have an interrupt handler routine.
"../lnk_msp430f6638.cmd", line 178: warning #10374-D: Interrupt vector "USCI_A1" does not have an interrupt handler routine.
"../lnk_msp430f6638.cmd", line 179: warning #10374-D: Interrupt vector "PORT1" does not have an interrupt handler routine.
"../lnk_msp430f6638.cmd", line 180: warning #10374-D: Interrupt vector "TIMER1_A1" does not have an interrupt handler routine.
"../lnk_msp430f6638.cmd", line 181: warning #10374-D: Interrupt vector "TIMER1_A0" does not have an interrupt handler routine.
"../lnk_msp430f6638.cmd", line 182: warning #10374-D: Interrupt vector "DMA" does not have an interrupt handler routine.
"../lnk_msp430f6638.cmd", line 183: warning #10374-D: Interrupt vector "USB_UBM" does not have an interrupt handler routine.
"../lnk_msp430f6638.cmd", line 184: warning #10374-D: Interrupt vector "TIMER0_A1" does not have an interrupt handler routine.
"../lnk_msp430f6638.cmd", line 185: warning #10374-D: Interrupt vector "TIMER0_A0" does not have an interrupt handler routine.
"../lnk_msp430f6638.cmd", line 186: warning #10374-D: Interrupt vector "ADC12" does not have an interrupt handler routine.
"../lnk_msp430f6638.cmd", line 187: warning #10374-D: Interrupt vector "USCI_B0" does not have an interrupt handler routine.
"../lnk_msp430f6638.cmd", line 188: warning #10374-D: Interrupt vector "USCI_A0" does not have an interrupt handler routine.
"../lnk_msp430f6638.cmd", line 189: warning #10374-D: Interrupt vector "WDT" does not have an interrupt handler routine.
"../lnk_msp430f6638.cmd", line 190: warning #10374-D: Interrupt vector "TIMER0_B1" does not have an interrupt handler routine.
'Finished building target: LCD.out'
"../lnk_msp430f6638.cmd", line 191: warning #10374-D: Interrupt vector "TIMER0_B0" does not have an interrupt handler routine.
"../lnk_msp430f6638.cmd", line 192: warning #10374-D: Interrupt vector "COMP_B" does not have an interrupt handler routine.
"../lnk_msp430f6638.cmd", line 193: warning #10374-D: Interrupt vector "UNMI" does not have an interrupt handler routine.
"../lnk_msp430f6638.cmd", line 194: warning #10374-D: Interrupt vector "SYSNMI" does not have an interrupt handler routine.
' '

**** Build Finished ****
